-------------------------------------------------------------------------------
Test set: com.capitalone.dashboard.collector.DefaultSonar8ClientTest
-------------------------------------------------------------------------------
Tests run: 3, Failures: 0, Errors: 3, Skipped: 0, Time elapsed: 0.007 sec <<< FAILURE! - in com.capitalone.dashboard.collector.DefaultSonar8ClientTest
currentCodeQuality(com.capitalone.dashboard.collector.DefaultSonar8ClientTest)  Time elapsed: 0.002 sec  <<< ERROR!
java.lang.NullPointerException: null
	at com.capitalone.dashboard.client.RestClient.makeRestCallGet(RestClient.java:162)
	at com.capitalone.dashboard.collector.DefaultSonar6Client.currentCodeQuality(DefaultSonar6Client.java:203)
	at com.capitalone.dashboard.collector.DefaultSonar8ClientTest.currentCodeQuality(DefaultSonar8ClientTest.java:92)

getProjects(com.capitalone.dashboard.collector.DefaultSonar8ClientTest)  Time elapsed: 0.001 sec  <<< ERROR!
java.lang.NullPointerException: null
	at com.capitalone.dashboard.client.RestClient.makeRestCallGet(RestClient.java:162)
	at com.capitalone.dashboard.collector.DefaultSonar6Client.getResponse(DefaultSonar6Client.java:330)
	at com.capitalone.dashboard.collector.DefaultSonar6Client.parseJsonObject(DefaultSonar6Client.java:325)
	at com.capitalone.dashboard.collector.DefaultSonar6Client.getProjectsWithPaging(DefaultSonar6Client.java:142)
	at com.capitalone.dashboard.collector.DefaultSonar6Client.getProjects(DefaultSonar6Client.java:115)
	at com.capitalone.dashboard.collector.DefaultSonar8ClientTest.getProjects(DefaultSonar8ClientTest.java:75)

getChangeLog(com.capitalone.dashboard.collector.DefaultSonar8ClientTest)  Time elapsed: 0.002 sec  <<< ERROR!
java.lang.NullPointerException: null
	at com.capitalone.dashboard.client.RestClient.makeRestCallGet(RestClient.java:162)
	at com.capitalone.dashboard.collector.DefaultSonar6Client.getResponse(DefaultSonar6Client.java:330)
	at com.capitalone.dashboard.collector.DefaultSonar6Client.parseAsArray(DefaultSonar6Client.java:320)
	at com.capitalone.dashboard.collector.DefaultSonar8Client.getQualityProfileConfigurationChanges(DefaultSonar8Client.java:30)
	at com.capitalone.dashboard.collector.DefaultSonar8ClientTest.getChangeLog(DefaultSonar8ClientTest.java:66)

